<?xml version="1.0" encoding="UTF-8"?>
<!-- Generated by org.testng.reporters.JUnitReportReporter -->
<testsuite hostname="mahdi" name="SmokeTest" tests="1" failures="0" timestamp="8 Feb 2016 09:04:55 GMT" time="0.016" errors="0">
  <testcase name="execute" time="0.016" classname="SmokeTest"/>
</testsuite> <!-- SmokeTest -->
