<?xml version="1.0" encoding="UTF-8"?>
<!-- Generated by org.testng.reporters.JUnitReportReporter -->
<testsuite hostname="mahdi" name="com.bit.test.AnnotaionDetails" tests="2" failures="0" timestamp="31 Jan 2016 22:51:45 GMT" time="0.016" errors="0">
  <testcase name="m2" time="0.000" classname="com.bit.test.AnnotaionDetails"/>
  <testcase name="m1" time="0.016" classname="com.bit.test.AnnotaionDetails"/>
</testsuite> <!-- com.bit.test.AnnotaionDetails -->
