<?xml version="1.0" encoding="UTF-8"?>
<!-- Generated by org.testng.reporters.JUnitReportReporter -->
<testsuite hostname="mahdi" name="AnnotaionDetails" tests="2" failures="0" timestamp="31 Jan 2016 21:38:34 GMT" time="0.016" errors="0">
  <testcase name="m1" time="0.016" classname="AnnotaionDetails"/>
  <testcase name="m2" time="0.000" classname="AnnotaionDetails"/>
</testsuite> <!-- AnnotaionDetails -->
