<?xml version="1.0" encoding="UTF-8"?>
<!-- Generated by org.testng.reporters.JUnitReportReporter -->
<testsuite hostname="mahdi" name="testNG100315.Demo" tests="2" failures="0" timestamp="3 Oct 2015 17:55:15 GMT" time="0.144" errors="0">
  <testcase name="test2" time="0.010" classname="testNG100315.Demo"/>
  <testcase name="test1" time="0.134" classname="testNG100315.Demo"/>
</testsuite> <!-- testNG100315.Demo -->
