<?xml version="1.0" encoding="UTF-8"?>
<!-- Generated by org.testng.reporters.JUnitReportReporter -->
<testsuite hostname="mahdi" name="A" tests="2" failures="0" timestamp="25 Oct 2015 16:51:25 GMT" time="0.031" errors="0">
  <testcase name="test1" time="0.016" classname="A"/>
  <testcase name="test2" time="0.015" classname="A"/>
</testsuite> <!-- A -->
