<?xml version="1.0" encoding="UTF-8"?>
<!-- Generated by org.testng.reporters.JUnitReportReporter -->
<testsuite hostname="mahdi" name="Demo" tests="1" failures="0" timestamp="1 Nov 2015 18:55:01 GMT" time="45.341" errors="0">
  <testcase name="controlKeyboard" time="45.341" classname="Demo"/>
</testsuite> <!-- Demo -->
