<?xml version="1.0" encoding="UTF-8"?>
<!-- Generated by org.testng.reporters.JUnitReportReporter -->
<testsuite hostname="mahdi" name="DemoTest" tests="3" failures="0" timestamp="20 Feb 2016 21:31:23 GMT" time="49.898" errors="0">
  <testcase name="abcd" time="17.366" classname="DemoTest"/>
  <testcase name="abcd" time="12.741" classname="DemoTest"/>
  <testcase name="abcd" time="19.791" classname="DemoTest"/>
</testsuite> <!-- DemoTest -->
